<?xml version="1.0" encoding="UTF-8"?>
<!-- Generated by org.testng.reporters.JUnitReportReporter -->
<testsuite hostname="LAPTOP-536IQSF9" failures="0" tests="11" name="Al_Fardan.Assingment.LoginTest" time="50.349" errors="0" timestamp="2023-10-22T15:34:14 IST" skipped="0">
  <testcase classname="Al_Fardan.Assingment.LoginTest" name="testInvalidLogin" time="1.144"/>
  <system-out/>
  <testcase classname="Al_Fardan.Assingment.LoginTest" name="testValidLogin" time="9.359"/>
  <system-out/>
  <testcase classname="Al_Fardan.Assingment.LoginTest" name="testInvalidLogin" time="1.354"/>
  <system-out/>
  <testcase classname="Al_Fardan.Assingment.LoginTest" name="testInvalidLogin" time="1.346"/>
  <system-out/>
  <testcase classname="Al_Fardan.Assingment.LoginTest" name="testInvalidLogin" time="1.368"/>
  <system-out/>
  <testcase classname="Al_Fardan.Assingment.LoginTest" name="testValidLogin" time="8.295"/>
  <system-out/>
  <testcase classname="Al_Fardan.Assingment.LoginTest" name="testInvalidLogin" time="1.198"/>
  <system-out/>
  <testcase classname="Al_Fardan.Assingment.LoginTest" name="testInvalidLogin" time="1.296"/>
  <system-out/>
  <testcase classname="Al_Fardan.Assingment.LoginTest" name="testValidLogin" time="8.296"/>
  <system-out/>
  <testcase classname="Al_Fardan.Assingment.LoginTest" name="testValidLogin" time="8.330"/>
  <system-out/>
  <testcase classname="Al_Fardan.Assingment.LoginTest" name="testValidLogin" time="8.363"/>
  <system-out/>
</testsuite> <!-- Al_Fardan.Assingment.LoginTest -->
